<?xml version="1.0" encoding="UTF-8"?>
<testsuite name="Job Search Test"
           tests="6"
           failures="0"
           errors="0"
           skipped="0"
           time="15.116">
  <properties />
  
  
            <testcase name="verifyJobSearchResultUsingDifferentDataSet" time="2.845" classname="com.cv.library.testsuite.JobSearchTest" />
                <testcase name="verifyJobSearchResultUsingDifferentDataSet" time="2.071" classname="com.cv.library.testsuite.JobSearchTest" />
                <testcase name="verifyJobSearchResultUsingDifferentDataSet" time="2.846" classname="com.cv.library.testsuite.JobSearchTest" />
                <testcase name="verifyJobSearchResultUsingDifferentDataSet" time="2.077" classname="com.cv.library.testsuite.JobSearchTest" />
                <testcase name="verifyJobSearchResultUsingDifferentDataSet" time="2.987" classname="com.cv.library.testsuite.JobSearchTest" />
                <testcase name="verifyJobSearchResultUsingDifferentDataSet" time="2.290" classname="com.cv.library.testsuite.JobSearchTest" />
      
</testsuite>
